<?xml version="1.0" encoding="UTF-8"?>
<!-- Generated by org.testng.reporters.JUnitReportReporter -->
<testsuite hostname="DESKTOP-Q9BS61A" failures="0" tests="2" name="scripts.TC3" time="0.058" errors="0" timestamp="2024-07-05T07:47:57 IST" skipped="0">
  <testcase classname="scripts.TC3" name="testLogin" time="0.052"/>
  <testcase classname="scripts.TC3" name="testlogout" time="0.006"/>
</testsuite> <!-- scripts.TC3 -->
