<?xml version="1.0" encoding="UTF-8"?>
<!-- Generated by org.testng.reporters.JUnitReportReporter -->
<testsuite hostname="DESKTOP-Q9BS61A" failures="0" tests="1" name="scripts.InvalidLogin" time="14.051" errors="0" timestamp="2024-07-10T08:10:34 IST" skipped="0">
  <testcase classname="scripts.InvalidLogin" name="testInvalidLogin" time="14.051">
    <system-out>
      <![CDATA[Err Msg is displayed]]>
    </system-out>
  </testcase> <!-- testInvalidLogin -->
  <system-out>
    <![CDATA[Err Msg is displayed]]>
  </system-out>
</testsuite> <!-- scripts.InvalidLogin -->
