<?xml version="1.0" encoding="UTF-8"?>
<!-- Generated by org.testng.reporters.JUnitReportReporter -->
<testsuite hostname="DESKTOP-Q9BS61A" failures="0" tests="1" name="scripts.TC1" time="17.131" errors="0" timestamp="2024-07-09T08:36:39 IST" skipped="0">
  <testcase classname="scripts.TC1" name="test1" time="17.131"/>
</testsuite> <!-- scripts.TC1 -->
